<?xml version="1.0" encoding="UTF-8"?>
<testng-results skipped="0" failed="0" ignored="0" total="1" passed="1">
  <reporter-output>
  </reporter-output>
  <suite name="Default suite" duration-ms="37882" started-at="2019-08-10T12:09:34Z" finished-at="2019-08-10T12:10:12Z">
    <groups>
    </groups>
    <test name="Default test" duration-ms="37882" started-at="2019-08-10T12:09:34Z" finished-at="2019-08-10T12:10:12Z">
      <class name="com.yh.TestNG.Testsc">
        <test-method status="PASS" signature="beforeMethod()[pri:0, instance:com.yh.TestNG.Testsc@29ee9faa]" name="beforeMethod" is-config="true" duration-ms="17704" started-at="2019-08-10T17:39:35Z" finished-at="2019-08-10T17:39:53Z">
          <reporter-output>
          </reporter-output>
        </test-method> <!-- beforeMethod -->
        <test-method status="PASS" signature="Login(java.lang.String, java.lang.String)[pri:0, instance:com.yh.TestNG.Testsc@29ee9faa]" name="Login" duration-ms="18590" started-at="2019-08-10T17:39:53Z" data-provider="Test" finished-at="2019-08-10T17:40:11Z">
          <params>
            <param index="0">
              <value>
                <![CDATA[ioanasala-setiu]]>
              </value>
            </param>
            <param index="1">
              <value>
                <![CDATA[Trd@sm21]]>
              </value>
            </param>
          </params>
          <reporter-output>
          </reporter-output>
        </test-method> <!-- Login -->
        <test-method status="PASS" signature="afterMethod()[pri:0, instance:com.yh.TestNG.Testsc@29ee9faa]" name="afterMethod" is-config="true" duration-ms="0" started-at="2019-08-10T17:40:11Z" finished-at="2019-08-10T17:40:11Z">
          <reporter-output>
          </reporter-output>
        </test-method> <!-- afterMethod -->
      </class> <!-- com.yh.TestNG.Testsc -->
    </test> <!-- Default test -->
  </suite> <!-- Default suite -->
</testng-results>
